<?xml version="1.0" encoding="UTF-8" ?>
<testsuites disabled="0" errors="0" failures="1" tests="2" time="16.379">
 <testsuite name="demo-calculator" timestamp="2021-06-30T18:56:13" hostname="localhost" time="16.379" errors="0" tests="2" skipped="0" disabled="0" failures="1">
  <testcase classname="demo-calculator" name="addition test" time="8.296" />
  <testcase classname="demo-calculator" name="addition test" time="8.072">
   <failure type="toEqual" message="Expected &apos;2&apos; to equal &apos;3&apos;."><![CDATA[Error: Failed expectation
    at homepage.varifyresult (C:\Users\Sahil\Desktop\projects\ProtractorDemo\pages\homepage.js:38:34)
    at UserContext.<anonymous> (C:\Users\Sahil\Desktop\projects\ProtractorDemo\tests\calculator.js:28:18)
    at C:\Users\Sahil\AppData\Roaming\npm\node_modules\protractor\node_modules\jasminewd2\index.js:112:25
    at new ManagedPromise (C:\Users\Sahil\AppData\Roaming\npm\node_modules\protractor\node_modules\selenium-webdriver\lib\promise.js:1077:7)
    at ControlFlow.promise (C:\Users\Sahil\AppData\Roaming\npm\node_modules\protractor\node_modules\selenium-webdriver\lib\promise.js:2505:12)
    at schedulerExecute (C:\Users\Sahil\AppData\Roaming\npm\node_modules\protractor\node_modules\jasminewd2\index.js:95:18)
    at TaskQueue.execute_ (C:\Users\Sahil\AppData\Roaming\npm\node_modules\protractor\node_modules\selenium-webdriver\lib\promise.js:3084:14)
    at TaskQueue.executeNext_ (C:\Users\Sahil\AppData\Roaming\npm\node_modules\protractor\node_modules\selenium-webdriver\lib\promise.js:3067:27)
    at C:\Users\Sahil\AppData\Roaming\npm\node_modules\protractor\node_modules\selenium-webdriver\lib\promise.js:2927:27]]>
   </failure>
  </testcase>
 </testsuite>
</testsuites>